<?xml version="1.0" encoding="UTF-8"?>
<testng-results ignored="0" total="2" passed="2" failed="0" skipped="0">
  <reporter-output>
  </reporter-output>
  <suite started-at="2024-08-27T08:54:49 IST" name="Suite" finished-at="2024-08-27T08:55:16 IST" duration-ms="26213">
    <groups>
      <group name="Master">
        <method signature="TC001_AccountRegistrationTest.verifyAccountRegistration()[pri:0, instance:testCases.TC001_AccountRegistrationTest@44040454]" name="verifyAccountRegistration" class="testCases.TC001_AccountRegistrationTest"/>
        <method signature="TC002_LoginPageTest.verifyLogin()[pri:0, instance:testCases.TC002_LoginPageTest@42f8285e]" name="verifyLogin" class="testCases.TC002_LoginPageTest"/>
      </group> <!-- Master -->
      <group name="Sanity">
        <method signature="TC002_LoginPageTest.verifyLogin()[pri:0, instance:testCases.TC002_LoginPageTest@42f8285e]" name="verifyLogin" class="testCases.TC002_LoginPageTest"/>
      </group> <!-- Sanity -->
      <group name="Regression">
        <method signature="TC001_AccountRegistrationTest.verifyAccountRegistration()[pri:0, instance:testCases.TC001_AccountRegistrationTest@44040454]" name="verifyAccountRegistration" class="testCases.TC001_AccountRegistrationTest"/>
      </group> <!-- Regression -->
    </groups>
    <test started-at="2024-08-27T08:54:49 IST" name="Test" finished-at="2024-08-27T08:55:16 IST" duration-ms="26213">
      <class name="testCases.TC001_AccountRegistrationTest">
        <test-method is-config="true" signature="setUp(java.lang.String,java.lang.String)[pri:0, instance:testCases.TC001_AccountRegistrationTest@44040454]" started-at="2024-08-27T08:54:50 IST" name="setUp" finished-at="2024-08-27T08:54:59 IST" duration-ms="8890" status="PASS">
          <params>
            <param index="0">
              <value>
                <![CDATA[Windows]]>
              </value>
            </param>
            <param index="1">
              <value>
                <![CDATA[chrome]]>
              </value>
            </param>
          </params>
          <reporter-output>
          </reporter-output>
        </test-method> <!-- setUp -->
        <test-method signature="verifyAccountRegistration()[pri:0, instance:testCases.TC001_AccountRegistrationTest@44040454]" started-at="2024-08-27T08:54:59 IST" name="verifyAccountRegistration" finished-at="2024-08-27T08:55:02 IST" duration-ms="3348" status="PASS">
          <reporter-output>
          </reporter-output>
        </test-method> <!-- verifyAccountRegistration -->
        <test-method is-config="true" signature="tearDown()[pri:0, instance:testCases.TC001_AccountRegistrationTest@44040454]" started-at="2024-08-27T08:55:02 IST" name="tearDown" finished-at="2024-08-27T08:55:02 IST" duration-ms="366" status="PASS">
          <reporter-output>
          </reporter-output>
        </test-method> <!-- tearDown -->
      </class> <!-- testCases.TC001_AccountRegistrationTest -->
      <class name="testCases.TC002_LoginPageTest">
        <test-method is-config="true" signature="setUp(java.lang.String,java.lang.String)[pri:0, instance:testCases.TC002_LoginPageTest@42f8285e]" started-at="2024-08-27T08:55:02 IST" name="setUp" finished-at="2024-08-27T08:55:13 IST" duration-ms="10350" status="PASS">
          <params>
            <param index="0">
              <value>
                <![CDATA[Windows]]>
              </value>
            </param>
            <param index="1">
              <value>
                <![CDATA[chrome]]>
              </value>
            </param>
          </params>
          <reporter-output>
          </reporter-output>
        </test-method> <!-- setUp -->
        <test-method signature="verifyLogin()[pri:0, instance:testCases.TC002_LoginPageTest@42f8285e]" started-at="2024-08-27T08:55:13 IST" name="verifyLogin" finished-at="2024-08-27T08:55:15 IST" duration-ms="2429" status="PASS">
          <reporter-output>
          </reporter-output>
        </test-method> <!-- verifyLogin -->
        <test-method is-config="true" signature="tearDown()[pri:0, instance:testCases.TC002_LoginPageTest@42f8285e]" started-at="2024-08-27T08:55:15 IST" name="tearDown" finished-at="2024-08-27T08:55:16 IST" duration-ms="484" status="PASS">
          <reporter-output>
          </reporter-output>
        </test-method> <!-- tearDown -->
      </class> <!-- testCases.TC002_LoginPageTest -->
    </test> <!-- Test -->
  </suite> <!-- Suite -->
</testng-results>
